[debug] ----------------------------------------------------------------------
[debug] Command:      C:\Program Files\nodejs\node.exe C:\Users\Baltak\AppData\Roaming\npm\node_modules\firebase-tools\bin\firebase serve -p 5001
[debug] CLI Version:  3.7.0
[debug] Platform:     win32
[debug] Node Version: v7.5.0
[debug] Time:         Sun May 14 2017 14:46:41 GMT+0300 (GTB Daylight Time)
[debug] ----------------------------------------------------------------------
[debug] 
[debug] > command requires scopes: ["email","openid","https://www.googleapis.com/auth/cloudplatformprojects.readonly","https://www.googleapis.com/auth/firebase","https://www.googleapis.com/auth/cloud-platform"]
[debug] > refreshing access token with scopes: ["email","https://www.googleapis.com/auth/cloud-platform","https://www.googleapis.com/auth/cloudplatformprojects.readonly","https://www.googleapis.com/auth/firebase","openid"]
[debug] >>> HTTP REQUEST POST https://www.googleapis.com/oauth2/v3/token { refresh_token: '1/N1HQWAkV4StDARTN6LYOYiv09cPy76Aj0SlLceE9d4Q',
  client_id: '563584335869-fgrhgmd47bqnekij5i8b5pr03ho849e6.apps.googleusercontent.com',
  client_secret: 'j9iVZfS8kkCEFUPaAeJV0sAi',
  grant_type: 'refresh_token',
  scope: 'email https://www.googleapis.com/auth/cloud-platform https://www.googleapis.com/auth/cloudplatformprojects.readonly https://www.googleapis.com/auth/firebase openid' } 
 Sun May 14 2017 14:46:41 GMT+0300 (GTB Daylight Time)
[debug] <<< HTTP RESPONSE 200
[debug] >>> HTTP REQUEST GET https://admin.firebase.com/v1/projects/ugyintezes-2f366  
 Sun May 14 2017 14:46:41 GMT+0300 (GTB Daylight Time)
[debug] <<< HTTP RESPONSE 200
[debug] >>> HTTP REQUEST GET https://admin.firebase.com/v1/database/ugyintezes-2f366/tokens  
 Sun May 14 2017 14:46:42 GMT+0300 (GTB Daylight Time)
[debug] <<< HTTP RESPONSE 200
[info] Starting Firebase development server...
[info] 
[info] Project Directory: C:\Users\Baltak\git\playground\Ugyintezes
[debug] >>> HTTP REQUEST GET https://cloudresourcemanager.googleapis.com/v1/projects/ugyintezes-2f366  
 Sun May 14 2017 14:46:43 GMT+0300 (GTB Daylight Time)
[debug] <<< HTTP RESPONSE 200
[debug] >>> HTTP REQUEST GET https://mobilesdk-pa.googleapis.com/v1/projects/550320197469/clients/_:getWebAppConfig  
 Sun May 14 2017 14:46:44 GMT+0300 (GTB Daylight Time)
[debug] <<< HTTP RESPONSE 200
[info] Public Directory: ./
[info] 
[info] Server listening at: http://localhost:5001
